#! /usr/bin/vvp
:ivl_version "11.0 (stable)";
:ivl_delay_selection "TYPICAL";
:vpi_time_precision + 0;
:vpi_module "/usr/lib/x86_64-linux-gnu/ivl/system.vpi";
:vpi_module "/usr/lib/x86_64-linux-gnu/ivl/vhdl_sys.vpi";
:vpi_module "/usr/lib/x86_64-linux-gnu/ivl/vhdl_textio.vpi";
:vpi_module "/usr/lib/x86_64-linux-gnu/ivl/v2005_math.vpi";
:vpi_module "/usr/lib/x86_64-linux-gnu/ivl/va_math.vpi";
S_0x62c2b98fde60 .scope module, "Processor_tb" "Processor_tb" 2 1;
 .timescale 0 0;
v0x62c2b9934f40_0 .net "Zflag", 0 0, L_0x62c2b99460f0;  1 drivers
v0x62c2b9935070_0 .var "clk", 0 0;
v0x62c2b9935130_0 .var "rst", 0 0;
S_0x62c2b9901310 .scope module, "DUT" "Processor" 2 6, 3 9 0, S_0x62c2b98fde60;
 .timescale 0 0;
    .port_info 0 /INPUT 1 "clk";
    .port_info 1 /INPUT 1 "rst";
    .port_info 2 /OUTPUT 1 "Zflag";
v0x62c2b9933c50_0 .net "ALUSrc", 0 0, v0x62c2b98d95f0_0;  1 drivers
v0x62c2b9933d10_0 .net "ALUcontrol", 3 0, v0x62c2b98f30d0_0;  1 drivers
v0x62c2b9933dd0_0 .net "ALUresult", 31 0, v0x62c2b992c390_0;  1 drivers
v0x62c2b9933e70_0 .net "ImmSrc", 1 0, v0x62c2b98f4c60_0;  1 drivers
v0x62c2b9933f30_0 .net "Loadsrc", 0 0, v0x62c2b9900790_0;  1 drivers
v0x62c2b9934020_0 .net "PC", 31 0, v0x62c2b9932dc0_0;  1 drivers
v0x62c2b9934170_0 .net "PCTarget", 31 0, v0x62c2b992db00_0;  1 drivers
v0x62c2b99342c0_0 .net "PCplus4", 31 0, v0x62c2b9932fe0_0;  1 drivers
v0x62c2b9934380_0 .net "PCsrc", 0 0, L_0x62c2b9946630;  1 drivers
v0x62c2b99344d0_0 .net "ReadData", 31 0, L_0x62c2b9946880;  1 drivers
v0x62c2b9934590_0 .net "Result", 31 0, v0x62c2b9933ac0_0;  1 drivers
v0x62c2b99346e0_0 .net "ResultSrc", 1 0, v0x62c2b992a9a0_0;  1 drivers
v0x62c2b99347a0_0 .net "WriteData", 31 0, L_0x62c2b99463b0;  1 drivers
v0x62c2b9934860_0 .net "Zflag", 0 0, L_0x62c2b99460f0;  alias, 1 drivers
L_0x72699444f018 .functor BUFT 1, C4<0>, C4<0>, C4<0>, C4<0>;
v0x62c2b9934900_0 .net *"_ivl_3", 0 0, L_0x72699444f018;  1 drivers
v0x62c2b99349e0_0 .net "clk", 0 0, v0x62c2b9935070_0;  1 drivers
v0x62c2b9934b10_0 .net "instr", 31 0, L_0x62c2b9935310;  1 drivers
v0x62c2b9934ce0_0 .net "mem_write", 0 0, v0x62c2b992ae80_0;  1 drivers
v0x62c2b9934d80_0 .net "reg_write", 0 0, v0x62c2b992b020_0;  1 drivers
v0x62c2b9934e20_0 .net "rst", 0 0, v0x62c2b9935130_0;  1 drivers
L_0x62c2b9935380 .concat [ 1 1 0 0], L_0x62c2b9946630, L_0x72699444f018;
L_0x62c2b9946420 .part L_0x62c2b9935310, 12, 3;
L_0x62c2b99464c0 .part L_0x62c2b9935310, 25, 7;
L_0x62c2b9946560 .part L_0x62c2b9935310, 0, 7;
L_0x62c2b9946630 .part v0x62c2b9900d70_0, 0, 1;
S_0x62c2b98fbb50 .scope module, "contr_path" "controlUnit" 3 58, 4 1 0, S_0x62c2b9901310;
 .timescale 0 0;
    .port_info 0 /INPUT 3 "funct3";
    .port_info 1 /INPUT 7 "funct7";
    .port_info 2 /INPUT 7 "op";
    .port_info 3 /INPUT 1 "Zflag";
    .port_info 4 /OUTPUT 4 "ALUcontrol";
    .port_info 5 /OUTPUT 2 "ImmSrc";
    .port_info 6 /OUTPUT 2 "ResultSrc";
    .port_info 7 /OUTPUT 2 "PCsrc";
    .port_info 8 /OUTPUT 1 "reg_write";
    .port_info 9 /OUTPUT 1 "mem_write";
    .port_info 10 /OUTPUT 1 "ALUSrc";
    .port_info 11 /OUTPUT 1 "Loadsrc";
P_0x62c2b98d2f80 .param/l "AUIPC" 1 4 23, C4<0010111>;
P_0x62c2b98d2fc0 .param/l "BRANCH" 1 4 20, C4<1100011>;
P_0x62c2b98d3000 .param/l "I_TYPE" 1 4 17, C4<0010011>;
P_0x62c2b98d3040 .param/l "JAL" 1 4 22, C4<1101111>;
P_0x62c2b98d3080 .param/l "JALR" 1 4 21, C4<1100111>;
P_0x62c2b98d30c0 .param/l "LOAD" 1 4 19, C4<0000011>;
P_0x62c2b98d3100 .param/l "LUI" 1 4 24, C4<0110111>;
P_0x62c2b98d3140 .param/l "R_TYPE" 1 4 16, C4<0110011>;
P_0x62c2b98d3180 .param/l "STORE" 1 4 18, C4<0100011>;
v0x62c2b98d95f0_0 .var "ALUSrc", 0 0;
v0x62c2b98f30d0_0 .var "ALUcontrol", 3 0;
v0x62c2b98f4c60_0 .var "ImmSrc", 1 0;
v0x62c2b9900790_0 .var "Loadsrc", 0 0;
v0x62c2b9900d70_0 .var "PCsrc", 1 0;
v0x62c2b992a9a0_0 .var "ResultSrc", 1 0;
v0x62c2b992aa80_0 .net "Zflag", 0 0, L_0x62c2b99460f0;  alias, 1 drivers
v0x62c2b992ab40_0 .var "branch", 0 0;
v0x62c2b992ac00_0 .net "funct3", 2 0, L_0x62c2b9946420;  1 drivers
v0x62c2b992ace0_0 .net "funct7", 6 0, L_0x62c2b99464c0;  1 drivers
v0x62c2b992adc0_0 .var "jump", 0 0;
v0x62c2b992ae80_0 .var "mem_write", 0 0;
v0x62c2b992af40_0 .net "op", 6 0, L_0x62c2b9946560;  1 drivers
v0x62c2b992b020_0 .var "reg_write", 0 0;
E_0x62c2b98c4dd0 .event edge, v0x62c2b992aa80_0, v0x62c2b992af40_0, v0x62c2b992ace0_0, v0x62c2b992ac00_0;
S_0x62c2b992b260 .scope module, "d_path" "dataMem" 3 73, 5 1 0, S_0x62c2b9901310;
 .timescale 0 0;
    .port_info 0 /INPUT 1 "clk";
    .port_info 1 /INPUT 1 "rst";
    .port_info 2 /INPUT 1 "WE";
    .port_info 3 /INPUT 32 "A";
    .port_info 4 /INPUT 32 "Wd";
    .port_info 5 /OUTPUT 32 "Rd";
L_0x62c2b9946880 .functor BUFZ 32, L_0x62c2b99466d0, C4<00000000000000000000000000000000>, C4<00000000000000000000000000000000>, C4<00000000000000000000000000000000>;
v0x62c2b992b4f0_0 .net "A", 31 0, v0x62c2b992c390_0;  alias, 1 drivers
v0x62c2b992b5f0_0 .net "Rd", 31 0, L_0x62c2b9946880;  alias, 1 drivers
v0x62c2b992b6d0_0 .net "WE", 0 0, v0x62c2b992ae80_0;  alias, 1 drivers
v0x62c2b992b770_0 .net "Wd", 31 0, L_0x62c2b99463b0;  alias, 1 drivers
v0x62c2b992b810_0 .net *"_ivl_0", 31 0, L_0x62c2b99466d0;  1 drivers
v0x62c2b992b940_0 .net "clk", 0 0, v0x62c2b9935070_0;  alias, 1 drivers
v0x62c2b992ba00_0 .var/i "i", 31 0;
v0x62c2b992bae0 .array "mem", 0 31, 31 0;
v0x62c2b992bba0_0 .net "rst", 0 0, v0x62c2b9935130_0;  alias, 1 drivers
E_0x62c2b98c42e0 .event posedge, v0x62c2b992b940_0;
E_0x62c2b98a4c70 .event edge, v0x62c2b992bba0_0;
L_0x62c2b99466d0 .array/port v0x62c2b992bae0, v0x62c2b992c390_0;
S_0x62c2b992bd20 .scope module, "datapath" "DataPath" 3 41, 6 8 0, S_0x62c2b9901310;
 .timescale 0 0;
    .port_info 0 /INPUT 1 "clk";
    .port_info 1 /INPUT 1 "rst";
    .port_info 2 /INPUT 32 "instr";
    .port_info 3 /INPUT 32 "PC";
    .port_info 4 /INPUT 32 "Result";
    .port_info 5 /INPUT 1 "reg_write";
    .port_info 6 /INPUT 1 "ALUSrc";
    .port_info 7 /INPUT 1 "Loadsrc";
    .port_info 8 /INPUT 2 "ImmSrc";
    .port_info 9 /INPUT 4 "ALUcontrol";
    .port_info 10 /OUTPUT 1 "Zflag";
    .port_info 11 /OUTPUT 32 "ALUresult";
    .port_info 12 /OUTPUT 32 "PCTarget";
    .port_info 13 /OUTPUT 32 "WriteData";
L_0x62c2b99463b0 .functor BUFZ 32, L_0x62c2b99358f0, C4<00000000000000000000000000000000>, C4<00000000000000000000000000000000>, C4<00000000000000000000000000000000>;
v0x62c2b9930340_0 .net "ALUSrc", 0 0, v0x62c2b98d95f0_0;  alias, 1 drivers
v0x62c2b9930450_0 .net "ALUcontrol", 3 0, v0x62c2b98f30d0_0;  alias, 1 drivers
v0x62c2b9930560_0 .net "ALUresult", 31 0, v0x62c2b992c390_0;  alias, 1 drivers
v0x62c2b9930650_0 .net "ImmExt", 31 0, v0x62c2b992f960_0;  1 drivers
v0x62c2b9930710_0 .net "ImmSrc", 1 0, v0x62c2b98f4c60_0;  alias, 1 drivers
v0x62c2b9930870_0 .net "Loadsrc", 0 0, v0x62c2b9900790_0;  alias, 1 drivers
v0x62c2b9930960_0 .net "PC", 31 0, v0x62c2b9932dc0_0;  alias, 1 drivers
v0x62c2b9930a20_0 .net "PCTarget", 31 0, v0x62c2b992db00_0;  alias, 1 drivers
v0x62c2b9930ac0_0 .net "Result", 31 0, v0x62c2b9933ac0_0;  alias, 1 drivers
v0x62c2b9930b60_0 .net "WriteData", 31 0, L_0x62c2b99463b0;  alias, 1 drivers
v0x62c2b9930c20_0 .net "Zflag", 0 0, L_0x62c2b99460f0;  alias, 1 drivers
v0x62c2b9930d10_0 .net "clk", 0 0, v0x62c2b9935070_0;  alias, 1 drivers
v0x62c2b9930e00_0 .net "ext_out", 31 0, v0x62c2b992d520_0;  1 drivers
v0x62c2b9930ef0_0 .net "instr", 31 0, L_0x62c2b9935310;  alias, 1 drivers
v0x62c2b9930fb0_0 .net "mux_ext_out", 31 0, L_0x62c2b9946280;  1 drivers
v0x62c2b99310a0_0 .net "mux_wire", 31 0, L_0x62c2b99358f0;  1 drivers
v0x62c2b99311b0_0 .net "reg_write", 0 0, v0x62c2b992b020_0;  alias, 1 drivers
v0x62c2b99313b0_0 .net "rst", 0 0, v0x62c2b9935130_0;  alias, 1 drivers
v0x62c2b99314a0_0 .net "srcA", 31 0, L_0x62c2b9935650;  1 drivers
v0x62c2b99315b0_0 .net "srcB", 31 0, L_0x62c2b9935d40;  1 drivers
L_0x62c2b99359b0 .part L_0x62c2b9935310, 15, 5;
L_0x62c2b9935aa0 .part L_0x62c2b9935310, 20, 5;
L_0x62c2b9935b90 .part L_0x62c2b9935310, 7, 5;
L_0x62c2b99461e0 .part L_0x62c2b9935310, 12, 3;
S_0x62c2b992c010 .scope module, "alu_path" "ALU" 6 48, 7 14 0, S_0x62c2b992bd20;
 .timescale 0 0;
    .port_info 0 /INPUT 32 "rs1";
    .port_info 1 /INPUT 32 "rs2";
    .port_info 2 /INPUT 4 "ALUcontrol";
    .port_info 3 /OUTPUT 32 "ALUresult";
    .port_info 4 /OUTPUT 1 "Zflag";
v0x62c2b992c2b0_0 .net "ALUcontrol", 3 0, v0x62c2b98f30d0_0;  alias, 1 drivers
v0x62c2b992c390_0 .var "ALUresult", 31 0;
v0x62c2b992c430_0 .net "Zflag", 0 0, L_0x62c2b99460f0;  alias, 1 drivers
L_0x72699444f0f0 .functor BUFT 1, C4<00000000000000000000000000000000>, C4<0>, C4<0>, C4<0>;
v0x62c2b992c4d0_0 .net/2u *"_ivl_0", 31 0, L_0x72699444f0f0;  1 drivers
v0x62c2b992c570_0 .net *"_ivl_2", 0 0, L_0x62c2b9945f10;  1 drivers
L_0x72699444f138 .functor BUFT 1, C4<01>, C4<0>, C4<0>, C4<0>;
v0x62c2b992c660_0 .net/2s *"_ivl_4", 1 0, L_0x72699444f138;  1 drivers
L_0x72699444f180 .functor BUFT 1, C4<00>, C4<0>, C4<0>, C4<0>;
v0x62c2b992c740_0 .net/2s *"_ivl_6", 1 0, L_0x72699444f180;  1 drivers
v0x62c2b992c820_0 .net *"_ivl_8", 1 0, L_0x62c2b9945fb0;  1 drivers
v0x62c2b992c900_0 .net "rs1", 31 0, L_0x62c2b9935650;  alias, 1 drivers
v0x62c2b992ca70_0 .net "rs2", 31 0, L_0x62c2b9935d40;  alias, 1 drivers
E_0x62c2b98c4000 .event edge, v0x62c2b98f30d0_0, v0x62c2b992c900_0, v0x62c2b992ca70_0;
L_0x62c2b9945f10 .cmp/eq 32, v0x62c2b992c390_0, L_0x72699444f0f0;
L_0x62c2b9945fb0 .functor MUXZ 2, L_0x72699444f180, L_0x72699444f138, L_0x62c2b9945f10, C4<>;
L_0x62c2b99460f0 .part L_0x62c2b9945fb0, 0, 1;
S_0x62c2b992cbf0 .scope module, "ext_sel" "mux_2" 6 68, 8 1 0, S_0x62c2b992bd20;
 .timescale 0 0;
    .port_info 0 /INPUT 32 "a";
    .port_info 1 /INPUT 32 "b";
    .port_info 2 /INPUT 1 "sel";
    .port_info 3 /OUTPUT 32 "y";
v0x62c2b992cda0_0 .net "a", 31 0, v0x62c2b9933ac0_0;  alias, 1 drivers
v0x62c2b992ce80_0 .net "b", 31 0, v0x62c2b992d520_0;  alias, 1 drivers
v0x62c2b992cf60_0 .net "sel", 0 0, v0x62c2b9900790_0;  alias, 1 drivers
v0x62c2b992d060_0 .net "y", 31 0, L_0x62c2b9946280;  alias, 1 drivers
L_0x62c2b9946280 .functor MUXZ 32, v0x62c2b9933ac0_0, v0x62c2b992d520_0, v0x62c2b9900790_0, C4<>;
S_0x62c2b992d1b0 .scope module, "extender" "loadExt" 6 62, 9 1 0, S_0x62c2b992bd20;
 .timescale 0 0;
    .port_info 0 /INPUT 32 "y";
    .port_info 1 /INPUT 3 "funct3";
    .port_info 2 /OUTPUT 32 "writeD";
v0x62c2b992d420_0 .net "funct3", 2 0, L_0x62c2b99461e0;  1 drivers
v0x62c2b992d520_0 .var "writeD", 31 0;
v0x62c2b992d610_0 .net "y", 31 0, v0x62c2b9933ac0_0;  alias, 1 drivers
E_0x62c2b9913400 .event edge, v0x62c2b992d420_0, v0x62c2b992cda0_0;
S_0x62c2b992d750 .scope module, "pcPath" "PC_B_J" 6 56, 10 1 0, S_0x62c2b992bd20;
 .timescale 0 0;
    .port_info 0 /INPUT 32 "PCin";
    .port_info 1 /INPUT 32 "ImmExtIn";
    .port_info 2 /OUTPUT 32 "PCTarget";
v0x62c2b992da00_0 .net "ImmExtIn", 31 0, v0x62c2b992f960_0;  alias, 1 drivers
v0x62c2b992db00_0 .var "PCTarget", 31 0;
v0x62c2b992dbe0_0 .net "PCin", 31 0, v0x62c2b9932dc0_0;  alias, 1 drivers
E_0x62c2b992d980 .event edge, v0x62c2b992dbe0_0, v0x62c2b992da00_0;
S_0x62c2b992dd50 .scope module, "rf" "RegFile" 6 23, 11 1 0, S_0x62c2b992bd20;
 .timescale 0 0;
    .port_info 0 /INPUT 1 "WE3";
    .port_info 1 /INPUT 1 "clk";
    .port_info 2 /INPUT 1 "rst";
    .port_info 3 /INPUT 5 "A1";
    .port_info 4 /INPUT 5 "A2";
    .port_info 5 /INPUT 5 "A3";
    .port_info 6 /INPUT 32 "WD3";
    .port_info 7 /OUTPUT 32 "RD1";
    .port_info 8 /OUTPUT 32 "RD2";
L_0x62c2b9935650 .functor BUFZ 32, L_0x62c2b9935470, C4<00000000000000000000000000000000>, C4<00000000000000000000000000000000>, C4<00000000000000000000000000000000>;
L_0x62c2b99358f0 .functor BUFZ 32, L_0x62c2b9935710, C4<00000000000000000000000000000000>, C4<00000000000000000000000000000000>, C4<00000000000000000000000000000000>;
v0x62c2b992e0b0_0 .net "A1", 4 0, L_0x62c2b99359b0;  1 drivers
v0x62c2b992e190_0 .net "A2", 4 0, L_0x62c2b9935aa0;  1 drivers
v0x62c2b992e270_0 .net "A3", 4 0, L_0x62c2b9935b90;  1 drivers
v0x62c2b992e330_0 .net "RD1", 31 0, L_0x62c2b9935650;  alias, 1 drivers
v0x62c2b992e420_0 .net "RD2", 31 0, L_0x62c2b99358f0;  alias, 1 drivers
v0x62c2b992e530 .array "Registers", 0 31, 31 0;
v0x62c2b992e5f0_0 .net "WD3", 31 0, L_0x62c2b9946280;  alias, 1 drivers
v0x62c2b992e6b0_0 .net "WE3", 0 0, v0x62c2b992b020_0;  alias, 1 drivers
v0x62c2b992e780_0 .net *"_ivl_0", 31 0, L_0x62c2b9935470;  1 drivers
v0x62c2b992e8b0_0 .net *"_ivl_10", 6 0, L_0x62c2b99357b0;  1 drivers
L_0x72699444f0a8 .functor BUFT 1, C4<00>, C4<0>, C4<0>, C4<0>;
v0x62c2b992e990_0 .net *"_ivl_13", 1 0, L_0x72699444f0a8;  1 drivers
v0x62c2b992ea70_0 .net *"_ivl_2", 6 0, L_0x62c2b9935510;  1 drivers
L_0x72699444f060 .functor BUFT 1, C4<00>, C4<0>, C4<0>, C4<0>;
v0x62c2b992eb50_0 .net *"_ivl_5", 1 0, L_0x72699444f060;  1 drivers
v0x62c2b992ec30_0 .net *"_ivl_8", 31 0, L_0x62c2b9935710;  1 drivers
v0x62c2b992ed10_0 .net "clk", 0 0, v0x62c2b9935070_0;  alias, 1 drivers
v0x62c2b992ede0_0 .var/i "i", 31 0;
v0x62c2b992eea0_0 .net "rst", 0 0, v0x62c2b9935130_0;  alias, 1 drivers
L_0x62c2b9935470 .array/port v0x62c2b992e530, L_0x62c2b9935510;
L_0x62c2b9935510 .concat [ 5 2 0 0], L_0x62c2b99359b0, L_0x72699444f060;
L_0x62c2b9935710 .array/port v0x62c2b992e530, L_0x62c2b99357b0;
L_0x62c2b99357b0 .concat [ 5 2 0 0], L_0x62c2b9935aa0, L_0x72699444f0a8;
S_0x62c2b992f070 .scope module, "sExt" "sign_extend" 6 35, 12 1 0, S_0x62c2b992bd20;
 .timescale 0 0;
    .port_info 0 /INPUT 32 "InstrD";
    .port_info 1 /INPUT 2 "ImmSrcD";
    .port_info 2 /OUTPUT 32 "ImmExtD";
P_0x62c2b992f200 .param/l "AUIPC" 1 12 16, C4<0010111>;
P_0x62c2b992f240 .param/l "BRANCH" 1 12 13, C4<1100011>;
P_0x62c2b992f280 .param/l "I_TYPE" 1 12 10, C4<0010011>;
P_0x62c2b992f2c0 .param/l "JAL" 1 12 15, C4<1101111>;
P_0x62c2b992f300 .param/l "JALR" 1 12 14, C4<1100111>;
P_0x62c2b992f340 .param/l "LOAD" 1 12 12, C4<0000011>;
P_0x62c2b992f380 .param/l "LUI" 1 12 17, C4<0110111>;
P_0x62c2b992f3c0 .param/l "R_TYPE" 1 12 9, C4<0110011>;
P_0x62c2b992f400 .param/l "STORE" 1 12 11, C4<0100011>;
v0x62c2b992f960_0 .var "ImmExtD", 31 0;
v0x62c2b992fa40_0 .net "ImmSrcD", 1 0, v0x62c2b98f4c60_0;  alias, 1 drivers
v0x62c2b992fb10_0 .net "InstrD", 31 0, L_0x62c2b9935310;  alias, 1 drivers
v0x62c2b992fbe0_0 .var "opcode", 6 0;
E_0x62c2b992f8e0 .event edge, v0x62c2b992fb10_0, v0x62c2b98f4c60_0, v0x62c2b992fbe0_0;
S_0x62c2b992fd40 .scope module, "src_sel" "mux_2" 6 41, 8 1 0, S_0x62c2b992bd20;
 .timescale 0 0;
    .port_info 0 /INPUT 32 "a";
    .port_info 1 /INPUT 32 "b";
    .port_info 2 /INPUT 1 "sel";
    .port_info 3 /OUTPUT 32 "y";
v0x62c2b992ff50_0 .net "a", 31 0, L_0x62c2b99358f0;  alias, 1 drivers
v0x62c2b9930040_0 .net "b", 31 0, v0x62c2b992f960_0;  alias, 1 drivers
v0x62c2b9930130_0 .net "sel", 0 0, v0x62c2b98d95f0_0;  alias, 1 drivers
v0x62c2b9930200_0 .net "y", 31 0, L_0x62c2b9935d40;  alias, 1 drivers
L_0x62c2b9935d40 .functor MUXZ 32, L_0x62c2b99358f0, v0x62c2b992f960_0, v0x62c2b98d95f0_0, C4<>;
S_0x62c2b9931900 .scope module, "inst_path" "inst_control" 3 30, 13 4 0, S_0x62c2b9901310;
 .timescale 0 0;
    .port_info 0 /INPUT 1 "clk";
    .port_info 1 /INPUT 1 "rst";
    .port_info 2 /INPUT 2 "PCsrc";
    .port_info 3 /INPUT 32 "PCTarget";
    .port_info 4 /INPUT 32 "ALUresult";
    .port_info 5 /OUTPUT 32 "instr";
    .port_info 6 /OUTPUT 32 "PCplus4";
    .port_info 7 /OUTPUT 32 "PC";
v0x62c2b9932ce0_0 .net "ALUresult", 31 0, v0x62c2b992c390_0;  alias, 1 drivers
v0x62c2b9932dc0_0 .var "PC", 31 0;
v0x62c2b9932e80_0 .net "PCTarget", 31 0, v0x62c2b992db00_0;  alias, 1 drivers
v0x62c2b9932f20_0 .net "PCnext", 31 0, v0x62c2b9932b10_0;  1 drivers
v0x62c2b9932fe0_0 .var "PCplus4", 31 0;
v0x62c2b9933080_0 .net "PCsrc", 1 0, L_0x62c2b9935380;  1 drivers
v0x62c2b9933120_0 .net "clk", 0 0, v0x62c2b9935070_0;  alias, 1 drivers
v0x62c2b99331c0_0 .net "instr", 31 0, L_0x62c2b9935310;  alias, 1 drivers
v0x62c2b9933260_0 .net "rst", 0 0, v0x62c2b9935130_0;  alias, 1 drivers
E_0x62c2b9931c00 .event edge, v0x62c2b992dbe0_0;
E_0x62c2b9931c80 .event posedge, v0x62c2b992bba0_0, v0x62c2b992b940_0;
S_0x62c2b9931ce0 .scope module, "ins" "instr_mem" 13 15, 14 1 0, S_0x62c2b9931900;
 .timescale 0 0;
    .port_info 0 /INPUT 1 "reset";
    .port_info 1 /INPUT 32 "PC";
    .port_info 2 /OUTPUT 32 "instr";
L_0x62c2b9935310 .functor BUFZ 32, L_0x62c2b99351d0, C4<00000000000000000000000000000000>, C4<00000000000000000000000000000000>, C4<00000000000000000000000000000000>;
v0x62c2b9931f50_0 .net "PC", 31 0, v0x62c2b9932dc0_0;  alias, 1 drivers
v0x62c2b9932080_0 .net *"_ivl_0", 31 0, L_0x62c2b99351d0;  1 drivers
v0x62c2b9932160_0 .net *"_ivl_3", 29 0, L_0x62c2b9935270;  1 drivers
v0x62c2b9932220_0 .net "instr", 31 0, L_0x62c2b9935310;  alias, 1 drivers
v0x62c2b9932330 .array "mem", 31 0, 31 0;
v0x62c2b9932440_0 .net "reset", 0 0, v0x62c2b9935130_0;  alias, 1 drivers
L_0x62c2b99351d0 .array/port v0x62c2b9932330, L_0x62c2b9935270;
L_0x62c2b9935270 .part v0x62c2b9932dc0_0, 2, 30;
S_0x62c2b9932560 .scope module, "pc_sel" "mux_3" 13 16, 15 1 0, S_0x62c2b9931900;
 .timescale 0 0;
    .port_info 0 /INPUT 32 "a";
    .port_info 1 /INPUT 32 "b";
    .port_info 2 /INPUT 32 "c";
    .port_info 3 /INPUT 2 "sel";
    .port_info 4 /OUTPUT 32 "y";
v0x62c2b9932780_0 .net "a", 31 0, v0x62c2b9932fe0_0;  alias, 1 drivers
v0x62c2b9932880_0 .net "b", 31 0, v0x62c2b992db00_0;  alias, 1 drivers
v0x62c2b9932990_0 .net "c", 31 0, v0x62c2b992c390_0;  alias, 1 drivers
v0x62c2b9932a30_0 .net "sel", 1 0, L_0x62c2b9935380;  alias, 1 drivers
v0x62c2b9932b10_0 .var "y", 31 0;
E_0x62c2b9932740 .event edge, v0x62c2b9932a30_0, v0x62c2b9932780_0, v0x62c2b992db00_0, v0x62c2b992b4f0_0;
S_0x62c2b9933520 .scope module, "result_sel" "mux_3" 3 82, 15 1 0, S_0x62c2b9901310;
 .timescale 0 0;
    .port_info 0 /INPUT 32 "a";
    .port_info 1 /INPUT 32 "b";
    .port_info 2 /INPUT 32 "c";
    .port_info 3 /INPUT 2 "sel";
    .port_info 4 /OUTPUT 32 "y";
v0x62c2b9933790_0 .net "a", 31 0, v0x62c2b992c390_0;  alias, 1 drivers
v0x62c2b9933870_0 .net "b", 31 0, L_0x62c2b9946880;  alias, 1 drivers
v0x62c2b9933930_0 .net "c", 31 0, v0x62c2b9932fe0_0;  alias, 1 drivers
v0x62c2b9933a20_0 .net "sel", 1 0, v0x62c2b992a9a0_0;  alias, 1 drivers
v0x62c2b9933ac0_0 .var "y", 31 0;
E_0x62c2b9933730 .event edge, v0x62c2b992a9a0_0, v0x62c2b992b4f0_0, v0x62c2b992b5f0_0, v0x62c2b9932780_0;
    .scope S_0x62c2b9931ce0;
T_0 ;
    %vpi_call 14 10 "$readmemh", "program.hex", v0x62c2b9932330 {0 0 0};
    %end;
    .thread T_0;
    .scope S_0x62c2b9932560;
T_1 ;
    %wait E_0x62c2b9932740;
    %load/vec4 v0x62c2b9932a30_0;
    %dup/vec4;
    %pushi/vec4 0, 0, 2;
    %cmp/u;
    %jmp/1 T_1.0, 6;
    %dup/vec4;
    %pushi/vec4 1, 0, 2;
    %cmp/u;
    %jmp/1 T_1.1, 6;
    %dup/vec4;
    %pushi/vec4 2, 0, 2;
    %cmp/u;
    %jmp/1 T_1.2, 6;
    %jmp T_1.3;
T_1.0 ;
    %load/vec4 v0x62c2b9932780_0;
    %assign/vec4 v0x62c2b9932b10_0, 0;
    %jmp T_1.3;
T_1.1 ;
    %load/vec4 v0x62c2b9932880_0;
    %assign/vec4 v0x62c2b9932b10_0, 0;
    %jmp T_1.3;
T_1.2 ;
    %load/vec4 v0x62c2b9932990_0;
    %assign/vec4 v0x62c2b9932b10_0, 0;
    %jmp T_1.3;
T_1.3 ;
    %pop/vec4 1;
    %jmp T_1;
    .thread T_1, $push;
    .scope S_0x62c2b9931900;
T_2 ;
    %wait E_0x62c2b9931c80;
    %load/vec4 v0x62c2b9933260_0;
    %flag_set/vec4 8;
    %jmp/0xz  T_2.0, 8;
    %pushi/vec4 0, 0, 32;
    %assign/vec4 v0x62c2b9932dc0_0, 0;
    %jmp T_2.1;
T_2.0 ;
    %load/vec4 v0x62c2b9932f20_0;
    %assign/vec4 v0x62c2b9932dc0_0, 0;
T_2.1 ;
    %jmp T_2;
    .thread T_2;
    .scope S_0x62c2b9931900;
T_3 ;
    %wait E_0x62c2b9931c00;
    %load/vec4 v0x62c2b9932dc0_0;
    %addi 4, 0, 32;
    %assign/vec4 v0x62c2b9932fe0_0, 0;
    %jmp T_3;
    .thread T_3, $push;
    .scope S_0x62c2b992dd50;
T_4 ;
    %wait E_0x62c2b98a4c70;
    %pushi/vec4 0, 0, 32;
    %store/vec4 v0x62c2b992ede0_0, 0, 32;
T_4.0 ;
    %load/vec4 v0x62c2b992ede0_0;
    %cmpi/s 32, 0, 32;
    %jmp/0xz T_4.1, 5;
    %load/vec4 v0x62c2b992ede0_0;
    %ix/getv/s 3, v0x62c2b992ede0_0;
    %ix/load 4, 0, 0; Constant delay
    %assign/vec4/a/d v0x62c2b992e530, 0, 4;
    %load/vec4 v0x62c2b992ede0_0;
    %addi 1, 0, 32;
    %store/vec4 v0x62c2b992ede0_0, 0, 32;
    %jmp T_4.0;
T_4.1 ;
    %jmp T_4;
    .thread T_4, $push;
    .scope S_0x62c2b992dd50;
T_5 ;
    %wait E_0x62c2b98c42e0;
    %load/vec4 v0x62c2b992e6b0_0;
    %flag_set/vec4 8;
    %jmp/0xz  T_5.0, 8;
    %load/vec4 v0x62c2b992e5f0_0;
    %load/vec4 v0x62c2b992e270_0;
    %pad/u 7;
    %ix/vec4 3;
    %ix/load 4, 0, 0; Constant delay
    %assign/vec4/a/d v0x62c2b992e530, 0, 4;
T_5.0 ;
    %jmp T_5;
    .thread T_5;
    .scope S_0x62c2b992f070;
T_6 ;
    %wait E_0x62c2b992f8e0;
    %load/vec4 v0x62c2b992fb10_0;
    %parti/s 7, 0, 2;
    %store/vec4 v0x62c2b992fbe0_0, 0, 7;
    %load/vec4 v0x62c2b992fa40_0;
    %dup/vec4;
    %pushi/vec4 0, 0, 2;
    %cmp/u;
    %jmp/1 T_6.0, 6;
    %dup/vec4;
    %pushi/vec4 1, 0, 2;
    %cmp/u;
    %jmp/1 T_6.1, 6;
    %dup/vec4;
    %pushi/vec4 2, 0, 2;
    %cmp/u;
    %jmp/1 T_6.2, 6;
    %dup/vec4;
    %pushi/vec4 3, 0, 2;
    %cmp/u;
    %jmp/1 T_6.3, 6;
    %load/vec4 v0x62c2b992fbe0_0;
    %dup/vec4;
    %pushi/vec4 51, 0, 7;
    %cmp/u;
    %jmp/1 T_6.6, 6;
    %jmp T_6.7;
T_6.6 ;
    %pushi/vec4 0, 0, 32;
    %store/vec4 v0x62c2b992f960_0, 0, 32;
    %jmp T_6.7;
T_6.7 ;
    %pop/vec4 1;
    %jmp T_6.5;
T_6.0 ;
    %load/vec4 v0x62c2b992fb10_0;
    %parti/s 1, 31, 6;
    %replicate 20;
    %load/vec4 v0x62c2b992fb10_0;
    %parti/s 12, 20, 6;
    %concat/vec4; draw_concat_vec4
    %store/vec4 v0x62c2b992f960_0, 0, 32;
    %jmp T_6.5;
T_6.1 ;
    %load/vec4 v0x62c2b992fb10_0;
    %parti/s 1, 31, 6;
    %replicate 20;
    %load/vec4 v0x62c2b992fb10_0;
    %parti/s 7, 25, 6;
    %concat/vec4; draw_concat_vec4
    %load/vec4 v0x62c2b992fb10_0;
    %parti/s 5, 7, 4;
    %concat/vec4; draw_concat_vec4
    %store/vec4 v0x62c2b992f960_0, 0, 32;
    %jmp T_6.5;
T_6.2 ;
    %load/vec4 v0x62c2b992fb10_0;
    %parti/s 1, 31, 6;
    %replicate 20;
    %load/vec4 v0x62c2b992fb10_0;
    %parti/s 1, 7, 4;
    %concat/vec4; draw_concat_vec4
    %load/vec4 v0x62c2b992fb10_0;
    %parti/s 6, 25, 6;
    %concat/vec4; draw_concat_vec4
    %load/vec4 v0x62c2b992fb10_0;
    %parti/s 4, 8, 5;
    %concat/vec4; draw_concat_vec4
    %concati/vec4 0, 0, 1;
    %store/vec4 v0x62c2b992f960_0, 0, 32;
    %jmp T_6.5;
T_6.3 ;
    %load/vec4 v0x62c2b992fb10_0;
    %parti/s 1, 31, 6;
    %replicate 12;
    %load/vec4 v0x62c2b992fb10_0;
    %parti/s 8, 12, 5;
    %concat/vec4; draw_concat_vec4
    %load/vec4 v0x62c2b992fb10_0;
    %parti/s 1, 20, 6;
    %concat/vec4; draw_concat_vec4
    %load/vec4 v0x62c2b992fb10_0;
    %parti/s 10, 21, 6;
    %concat/vec4; draw_concat_vec4
    %concati/vec4 0, 0, 1;
    %store/vec4 v0x62c2b992f960_0, 0, 32;
    %jmp T_6.5;
T_6.5 ;
    %pop/vec4 1;
    %jmp T_6;
    .thread T_6, $push;
    .scope S_0x62c2b992c010;
T_7 ;
    %wait E_0x62c2b98c4000;
    %load/vec4 v0x62c2b992c2b0_0;
    %dup/vec4;
    %pushi/vec4 0, 0, 4;
    %cmp/u;
    %jmp/1 T_7.0, 6;
    %dup/vec4;
    %pushi/vec4 1, 0, 4;
    %cmp/u;
    %jmp/1 T_7.1, 6;
    %dup/vec4;
    %pushi/vec4 2, 0, 4;
    %cmp/u;
    %jmp/1 T_7.2, 6;
    %dup/vec4;
    %pushi/vec4 3, 0, 4;
    %cmp/u;
    %jmp/1 T_7.3, 6;
    %dup/vec4;
    %pushi/vec4 4, 0, 4;
    %cmp/u;
    %jmp/1 T_7.4, 6;
    %dup/vec4;
    %pushi/vec4 5, 0, 4;
    %cmp/u;
    %jmp/1 T_7.5, 6;
    %dup/vec4;
    %pushi/vec4 6, 0, 4;
    %cmp/u;
    %jmp/1 T_7.6, 6;
    %dup/vec4;
    %pushi/vec4 7, 0, 4;
    %cmp/u;
    %jmp/1 T_7.7, 6;
    %dup/vec4;
    %pushi/vec4 8, 0, 4;
    %cmp/u;
    %jmp/1 T_7.8, 6;
    %pushi/vec4 0, 0, 32;
    %store/vec4 v0x62c2b992c390_0, 0, 32;
    %jmp T_7.10;
T_7.0 ;
    %load/vec4 v0x62c2b992c900_0;
    %load/vec4 v0x62c2b992ca70_0;
    %add;
    %store/vec4 v0x62c2b992c390_0, 0, 32;
    %jmp T_7.10;
T_7.1 ;
    %load/vec4 v0x62c2b992c900_0;
    %load/vec4 v0x62c2b992ca70_0;
    %sub;
    %store/vec4 v0x62c2b992c390_0, 0, 32;
    %jmp T_7.10;
T_7.2 ;
    %load/vec4 v0x62c2b992c900_0;
    %load/vec4 v0x62c2b992ca70_0;
    %and;
    %store/vec4 v0x62c2b992c390_0, 0, 32;
    %jmp T_7.10;
T_7.3 ;
    %load/vec4 v0x62c2b992c900_0;
    %load/vec4 v0x62c2b992ca70_0;
    %or;
    %store/vec4 v0x62c2b992c390_0, 0, 32;
    %jmp T_7.10;
T_7.4 ;
    %load/vec4 v0x62c2b992c900_0;
    %ix/getv 4, v0x62c2b992ca70_0;
    %shiftl 4;
    %store/vec4 v0x62c2b992c390_0, 0, 32;
    %jmp T_7.10;
T_7.5 ;
    %load/vec4 v0x62c2b992c900_0;
    %ix/getv 4, v0x62c2b992ca70_0;
    %shiftr 4;
    %store/vec4 v0x62c2b992c390_0, 0, 32;
    %jmp T_7.10;
T_7.6 ;
    %load/vec4 v0x62c2b992c900_0;
    %load/vec4 v0x62c2b992ca70_0;
    %mul;
    %store/vec4 v0x62c2b992c390_0, 0, 32;
    %jmp T_7.10;
T_7.7 ;
    %load/vec4 v0x62c2b992c900_0;
    %load/vec4 v0x62c2b992ca70_0;
    %xor;
    %store/vec4 v0x62c2b992c390_0, 0, 32;
    %jmp T_7.10;
T_7.8 ;
    %load/vec4 v0x62c2b992c900_0;
    %load/vec4 v0x62c2b992ca70_0;
    %cmp/u;
    %flag_mov 8, 5;
    %jmp/0 T_7.11, 8;
    %pushi/vec4 1, 0, 32;
    %jmp/1 T_7.12, 8;
T_7.11 ; End of true expr.
    %pushi/vec4 0, 0, 32;
    %jmp/0 T_7.12, 8;
 ; End of false expr.
    %blend;
T_7.12;
    %store/vec4 v0x62c2b992c390_0, 0, 32;
    %jmp T_7.10;
T_7.10 ;
    %pop/vec4 1;
    %jmp T_7;
    .thread T_7, $push;
    .scope S_0x62c2b992d750;
T_8 ;
    %wait E_0x62c2b992d980;
    %load/vec4 v0x62c2b992dbe0_0;
    %load/vec4 v0x62c2b992da00_0;
    %add;
    %assign/vec4 v0x62c2b992db00_0, 0;
    %jmp T_8;
    .thread T_8, $push;
    .scope S_0x62c2b992d1b0;
T_9 ;
    %wait E_0x62c2b9913400;
    %load/vec4 v0x62c2b992d420_0;
    %dup/vec4;
    %pushi/vec4 0, 0, 3;
    %cmp/u;
    %jmp/1 T_9.0, 6;
    %dup/vec4;
    %pushi/vec4 1, 0, 3;
    %cmp/u;
    %jmp/1 T_9.1, 6;
    %dup/vec4;
    %pushi/vec4 4, 0, 3;
    %cmp/u;
    %jmp/1 T_9.2, 6;
    %dup/vec4;
    %pushi/vec4 5, 0, 3;
    %cmp/u;
    %jmp/1 T_9.3, 6;
    %jmp T_9.4;
T_9.0 ;
    %load/vec4 v0x62c2b992d610_0;
    %parti/s 1, 7, 4;
    %replicate 24;
    %load/vec4 v0x62c2b992d610_0;
    %parti/s 8, 0, 2;
    %concat/vec4; draw_concat_vec4
    %store/vec4 v0x62c2b992d520_0, 0, 32;
    %jmp T_9.4;
T_9.1 ;
    %load/vec4 v0x62c2b992d610_0;
    %parti/s 1, 7, 4;
    %replicate 16;
    %load/vec4 v0x62c2b992d610_0;
    %parti/s 16, 0, 2;
    %concat/vec4; draw_concat_vec4
    %store/vec4 v0x62c2b992d520_0, 0, 32;
    %jmp T_9.4;
T_9.2 ;
    %pushi/vec4 0, 0, 24;
    %load/vec4 v0x62c2b992d610_0;
    %parti/s 8, 0, 2;
    %concat/vec4; draw_concat_vec4
    %store/vec4 v0x62c2b992d520_0, 0, 32;
    %jmp T_9.4;
T_9.3 ;
    %pushi/vec4 0, 0, 16;
    %load/vec4 v0x62c2b992d610_0;
    %parti/s 16, 0, 2;
    %concat/vec4; draw_concat_vec4
    %store/vec4 v0x62c2b992d520_0, 0, 32;
    %jmp T_9.4;
T_9.4 ;
    %pop/vec4 1;
    %jmp T_9;
    .thread T_9, $push;
    .scope S_0x62c2b98fbb50;
T_10 ;
    %wait E_0x62c2b98c4dd0;
    %load/vec4 v0x62c2b992af40_0;
    %dup/vec4;
    %pushi/vec4 51, 0, 7;
    %cmp/u;
    %jmp/1 T_10.0, 6;
    %dup/vec4;
    %pushi/vec4 3, 0, 7;
    %cmp/u;
    %jmp/1 T_10.1, 6;
    %dup/vec4;
    %pushi/vec4 35, 0, 7;
    %cmp/u;
    %jmp/1 T_10.2, 6;
    %dup/vec4;
    %pushi/vec4 99, 0, 7;
    %cmp/u;
    %jmp/1 T_10.3, 6;
    %dup/vec4;
    %pushi/vec4 111, 0, 7;
    %cmp/u;
    %jmp/1 T_10.4, 6;
    %dup/vec4;
    %pushi/vec4 19, 0, 7;
    %cmp/u;
    %jmp/1 T_10.5, 6;
    %dup/vec4;
    %pushi/vec4 103, 0, 7;
    %cmp/u;
    %jmp/1 T_10.6, 6;
    %jmp T_10.7;
T_10.0 ;
    %pushi/vec4 1, 0, 1;
    %assign/vec4 v0x62c2b992b020_0, 0;
    %pushi/vec4 0, 0, 1;
    %assign/vec4 v0x62c2b992ae80_0, 0;
    %pushi/vec4 0, 0, 1;
    %assign/vec4 v0x62c2b98d95f0_0, 0;
    %pushi/vec4 0, 0, 2;
    %assign/vec4 v0x62c2b992a9a0_0, 0;
    %pushi/vec4 0, 0, 2;
    %assign/vec4 v0x62c2b9900d70_0, 0;
    %load/vec4 v0x62c2b992ac00_0;
    %dup/vec4;
    %pushi/vec4 0, 0, 3;
    %cmp/u;
    %jmp/1 T_10.8, 6;
    %dup/vec4;
    %pushi/vec4 7, 0, 3;
    %cmp/u;
    %jmp/1 T_10.9, 6;
    %dup/vec4;
    %pushi/vec4 6, 0, 3;
    %cmp/u;
    %jmp/1 T_10.10, 6;
    %dup/vec4;
    %pushi/vec4 1, 0, 3;
    %cmp/u;
    %jmp/1 T_10.11, 6;
    %dup/vec4;
    %pushi/vec4 5, 0, 3;
    %cmp/u;
    %jmp/1 T_10.12, 6;
    %dup/vec4;
    %pushi/vec4 4, 0, 3;
    %cmp/u;
    %jmp/1 T_10.13, 6;
    %dup/vec4;
    %pushi/vec4 2, 0, 3;
    %cmp/u;
    %jmp/1 T_10.14, 6;
    %jmp T_10.15;
T_10.8 ;
    %load/vec4 v0x62c2b992ace0_0;
    %cmpi/e 32, 0, 7;
    %jmp/0xz  T_10.16, 4;
    %pushi/vec4 1, 0, 4;
    %assign/vec4 v0x62c2b98f30d0_0, 0;
    %jmp T_10.17;
T_10.16 ;
    %pushi/vec4 0, 0, 4;
    %assign/vec4 v0x62c2b98f30d0_0, 0;
T_10.17 ;
    %jmp T_10.15;
T_10.9 ;
    %pushi/vec4 2, 0, 4;
    %assign/vec4 v0x62c2b98f30d0_0, 0;
    %jmp T_10.15;
T_10.10 ;
    %pushi/vec4 3, 0, 4;
    %assign/vec4 v0x62c2b98f30d0_0, 0;
    %jmp T_10.15;
T_10.11 ;
    %pushi/vec4 4, 0, 4;
    %assign/vec4 v0x62c2b98f30d0_0, 0;
    %jmp T_10.15;
T_10.12 ;
    %pushi/vec4 5, 0, 4;
    %assign/vec4 v0x62c2b98f30d0_0, 0;
    %jmp T_10.15;
T_10.13 ;
    %pushi/vec4 7, 0, 4;
    %assign/vec4 v0x62c2b98f30d0_0, 0;
    %jmp T_10.15;
T_10.14 ;
    %pushi/vec4 8, 0, 4;
    %assign/vec4 v0x62c2b98f30d0_0, 0;
    %jmp T_10.15;
T_10.15 ;
    %pop/vec4 1;
    %jmp T_10.7;
T_10.1 ;
    %pushi/vec4 0, 0, 1;
    %assign/vec4 v0x62c2b992ae80_0, 0;
    %pushi/vec4 1, 0, 1;
    %assign/vec4 v0x62c2b992b020_0, 0;
    %pushi/vec4 0, 0, 4;
    %assign/vec4 v0x62c2b98f30d0_0, 0;
    %pushi/vec4 0, 0, 2;
    %assign/vec4 v0x62c2b98f4c60_0, 0;
    %pushi/vec4 1, 0, 1;
    %assign/vec4 v0x62c2b98d95f0_0, 0;
    %pushi/vec4 1, 0, 2;
    %assign/vec4 v0x62c2b992a9a0_0, 0;
    %pushi/vec4 0, 0, 2;
    %assign/vec4 v0x62c2b9900d70_0, 0;
    %jmp T_10.7;
T_10.2 ;
    %pushi/vec4 1, 0, 1;
    %assign/vec4 v0x62c2b992ae80_0, 0;
    %pushi/vec4 0, 0, 1;
    %assign/vec4 v0x62c2b992b020_0, 0;
    %pushi/vec4 0, 0, 4;
    %assign/vec4 v0x62c2b98f30d0_0, 0;
    %pushi/vec4 1, 0, 2;
    %assign/vec4 v0x62c2b98f4c60_0, 0;
    %pushi/vec4 1, 0, 1;
    %assign/vec4 v0x62c2b98d95f0_0, 0;
    %pushi/vec4 0, 0, 2;
    %assign/vec4 v0x62c2b9900d70_0, 0;
    %jmp T_10.7;
T_10.3 ;
    %pushi/vec4 0, 0, 1;
    %assign/vec4 v0x62c2b992ae80_0, 0;
    %pushi/vec4 0, 0, 1;
    %assign/vec4 v0x62c2b992b020_0, 0;
    %pushi/vec4 1, 0, 4;
    %assign/vec4 v0x62c2b98f30d0_0, 0;
    %pushi/vec4 2, 0, 2;
    %assign/vec4 v0x62c2b98f4c60_0, 0;
    %pushi/vec4 0, 0, 1;
    %assign/vec4 v0x62c2b98d95f0_0, 0;
    %pushi/vec4 1, 0, 1;
    %assign/vec4 v0x62c2b992ab40_0, 0;
    %pushi/vec4 0, 0, 1;
    %load/vec4 v0x62c2b992ab40_0;
    %load/vec4 v0x62c2b992aa80_0;
    %or;
    %concat/vec4; draw_concat_vec4
    %assign/vec4 v0x62c2b9900d70_0, 0;
    %jmp T_10.7;
T_10.4 ;
    %pushi/vec4 0, 0, 1;
    %assign/vec4 v0x62c2b992ae80_0, 0;
    %pushi/vec4 1, 0, 1;
    %assign/vec4 v0x62c2b992b020_0, 0;
    %pushi/vec4 3, 0, 2;
    %assign/vec4 v0x62c2b98f4c60_0, 0;
    %pushi/vec4 0, 0, 1;
    %assign/vec4 v0x62c2b992ab40_0, 0;
    %pushi/vec4 1, 0, 1;
    %assign/vec4 v0x62c2b992adc0_0, 0;
    %pushi/vec4 0, 0, 1;
    %load/vec4 v0x62c2b992adc0_0;
    %concat/vec4; draw_concat_vec4
    %assign/vec4 v0x62c2b9900d70_0, 0;
    %pushi/vec4 2, 0, 2;
    %assign/vec4 v0x62c2b992a9a0_0, 0;
    %jmp T_10.7;
T_10.5 ;
    %pushi/vec4 1, 0, 1;
    %assign/vec4 v0x62c2b992b020_0, 0;
    %pushi/vec4 0, 0, 1;
    %assign/vec4 v0x62c2b992ae80_0, 0;
    %pushi/vec4 0, 0, 2;
    %assign/vec4 v0x62c2b98f4c60_0, 0;
    %pushi/vec4 1, 0, 1;
    %assign/vec4 v0x62c2b98d95f0_0, 0;
    %pushi/vec4 0, 0, 2;
    %assign/vec4 v0x62c2b992a9a0_0, 0;
    %pushi/vec4 0, 0, 2;
    %assign/vec4 v0x62c2b9900d70_0, 0;
    %load/vec4 v0x62c2b992ac00_0;
    %dup/vec4;
    %pushi/vec4 0, 0, 3;
    %cmp/u;
    %jmp/1 T_10.18, 6;
    %dup/vec4;
    %pushi/vec4 1, 0, 3;
    %cmp/u;
    %jmp/1 T_10.19, 6;
    %dup/vec4;
    %pushi/vec4 2, 0, 3;
    %cmp/u;
    %jmp/1 T_10.20, 6;
    %dup/vec4;
    %pushi/vec4 4, 0, 3;
    %cmp/u;
    %jmp/1 T_10.21, 6;
    %dup/vec4;
    %pushi/vec4 5, 0, 3;
    %cmp/u;
    %jmp/1 T_10.22, 6;
    %dup/vec4;
    %pushi/vec4 6, 0, 3;
    %cmp/u;
    %jmp/1 T_10.23, 6;
    %dup/vec4;
    %pushi/vec4 7, 0, 3;
    %cmp/u;
    %jmp/1 T_10.24, 6;
    %jmp T_10.25;
T_10.18 ;
    %pushi/vec4 0, 0, 4;
    %assign/vec4 v0x62c2b98f30d0_0, 0;
    %jmp T_10.25;
T_10.19 ;
    %pushi/vec4 4, 0, 4;
    %assign/vec4 v0x62c2b98f30d0_0, 0;
    %jmp T_10.25;
T_10.20 ;
    %pushi/vec4 8, 0, 4;
    %assign/vec4 v0x62c2b98f30d0_0, 0;
    %jmp T_10.25;
T_10.21 ;
    %pushi/vec4 7, 0, 4;
    %assign/vec4 v0x62c2b98f30d0_0, 0;
    %jmp T_10.25;
T_10.22 ;
    %pushi/vec4 5, 0, 4;
    %assign/vec4 v0x62c2b98f30d0_0, 0;
    %jmp T_10.25;
T_10.23 ;
    %pushi/vec4 3, 0, 4;
    %assign/vec4 v0x62c2b98f30d0_0, 0;
    %jmp T_10.25;
T_10.24 ;
    %pushi/vec4 2, 0, 4;
    %assign/vec4 v0x62c2b98f30d0_0, 0;
    %jmp T_10.25;
T_10.25 ;
    %pop/vec4 1;
    %jmp T_10.7;
T_10.6 ;
    %pushi/vec4 0, 0, 1;
    %assign/vec4 v0x62c2b992ae80_0, 0;
    %pushi/vec4 1, 0, 1;
    %assign/vec4 v0x62c2b992b020_0, 0;
    %pushi/vec4 0, 0, 4;
    %assign/vec4 v0x62c2b98f30d0_0, 0;
    %pushi/vec4 0, 0, 2;
    %assign/vec4 v0x62c2b98f4c60_0, 0;
    %pushi/vec4 1, 0, 1;
    %assign/vec4 v0x62c2b98d95f0_0, 0;
    %pushi/vec4 2, 0, 2;
    %assign/vec4 v0x62c2b9900d70_0, 0;
    %pushi/vec4 2, 0, 2;
    %assign/vec4 v0x62c2b992a9a0_0, 0;
    %jmp T_10.7;
T_10.7 ;
    %pop/vec4 1;
    %jmp T_10;
    .thread T_10, $push;
    .scope S_0x62c2b992b260;
T_11 ;
    %wait E_0x62c2b98a4c70;
    %pushi/vec4 0, 0, 32;
    %store/vec4 v0x62c2b992ba00_0, 0, 32;
T_11.0 ;
    %load/vec4 v0x62c2b992ba00_0;
    %cmpi/s 32, 0, 32;
    %jmp/0xz T_11.1, 5;
    %load/vec4 v0x62c2b992ba00_0;
    %ix/getv/s 3, v0x62c2b992ba00_0;
    %ix/load 4, 0, 0; Constant delay
    %assign/vec4/a/d v0x62c2b992bae0, 0, 4;
    %load/vec4 v0x62c2b992ba00_0;
    %addi 1, 0, 32;
    %store/vec4 v0x62c2b992ba00_0, 0, 32;
    %jmp T_11.0;
T_11.1 ;
    %jmp T_11;
    .thread T_11, $push;
    .scope S_0x62c2b992b260;
T_12 ;
    %wait E_0x62c2b98c42e0;
    %load/vec4 v0x62c2b992b6d0_0;
    %flag_set/vec4 8;
    %jmp/0xz  T_12.0, 8;
    %load/vec4 v0x62c2b992b770_0;
    %ix/getv 3, v0x62c2b992b4f0_0;
    %ix/load 4, 0, 0; Constant delay
    %assign/vec4/a/d v0x62c2b992bae0, 0, 4;
T_12.0 ;
    %jmp T_12;
    .thread T_12;
    .scope S_0x62c2b9933520;
T_13 ;
    %wait E_0x62c2b9933730;
    %load/vec4 v0x62c2b9933a20_0;
    %dup/vec4;
    %pushi/vec4 0, 0, 2;
    %cmp/u;
    %jmp/1 T_13.0, 6;
    %dup/vec4;
    %pushi/vec4 1, 0, 2;
    %cmp/u;
    %jmp/1 T_13.1, 6;
    %dup/vec4;
    %pushi/vec4 2, 0, 2;
    %cmp/u;
    %jmp/1 T_13.2, 6;
    %jmp T_13.3;
T_13.0 ;
    %load/vec4 v0x62c2b9933790_0;
    %assign/vec4 v0x62c2b9933ac0_0, 0;
    %jmp T_13.3;
T_13.1 ;
    %load/vec4 v0x62c2b9933870_0;
    %assign/vec4 v0x62c2b9933ac0_0, 0;
    %jmp T_13.3;
T_13.2 ;
    %load/vec4 v0x62c2b9933930_0;
    %assign/vec4 v0x62c2b9933ac0_0, 0;
    %jmp T_13.3;
T_13.3 ;
    %pop/vec4 1;
    %jmp T_13;
    .thread T_13, $push;
    .scope S_0x62c2b98fde60;
T_14 ;
    %pushi/vec4 1, 0, 1;
    %store/vec4 v0x62c2b9935070_0, 0, 1;
    %pushi/vec4 1, 0, 1;
    %store/vec4 v0x62c2b9935130_0, 0, 1;
    %delay 6, 0;
    %pushi/vec4 0, 0, 1;
    %store/vec4 v0x62c2b9935130_0, 0, 1;
    %delay 80, 0;
    %vpi_call 2 11 "$finish" {0 0 0};
    %end;
    .thread T_14;
    .scope S_0x62c2b98fde60;
T_15 ;
    %delay 5, 0;
    %load/vec4 v0x62c2b9935070_0;
    %inv;
    %store/vec4 v0x62c2b9935070_0, 0, 1;
    %jmp T_15;
    .thread T_15;
    .scope S_0x62c2b98fde60;
T_16 ;
    %vpi_call 2 16 "$dumpfile", "proc.vcd" {0 0 0};
    %vpi_call 2 17 "$dumpvars" {0 0 0};
    %end;
    .thread T_16;
# The file index is used to find the file name in the following table.
:file_names 16;
    "N/A";
    "<interactive>";
    "Processor_tb.v";
    "Processor.v";
    "./controlUnit.v";
    "./dataMem.v";
    "./DataPath.v";
    "./ALU.v";
    "./mux_2.v";
    "./loadExt.v";
    "./PC_B_J.v";
    "./RegFile.v";
    "./sign_ext.v";
    "./inst_control.v";
    "./instr_mem.v";
    "./mux_3.v";
